2025-08-26 14:41:35.280 [DEBUG] internal/ui/base.go:17 	| 初始化UI
2025-08-26 14:42:47.196 [DEBUG] internal/ui/base.go:17 	| 初始化UI
2025-08-26 14:50:09.464 [DEBUG] internal/ui/base.go:18 	| 初始化UI
2025-08-26 14:50:12.309 [DEBUG] internal/ui/base.go:39 	| 选择文件目录
2025-08-26 14:50:13.924 [DEBUG] internal/ui/base.go:39 	| 选择文件目录
2025-08-26 14:50:18.658 [DEBUG] internal/ui/base.go:39 	| 选择文件目录
2025-08-26 14:50:19.158 [DEBUG] internal/ui/base.go:39 	| 选择文件目录
2025-08-26 14:52:09.083 [DEBUG] internal/ui/base.go:19 	| 初始化UI
2025-08-26 14:52:14.539 [DEBUG] internal/ui/base.go:34 	| 选择文件
2025-08-26 14:52:15.699 [DEBUG] internal/ui/base.go:40 	| 选择文件目录
2025-08-26 14:52:15.899 [DEBUG] internal/ui/base.go:40 	| 选择文件目录
2025-08-26 14:52:36.853 [DEBUG] internal/ui/base.go:19 	| 初始化UI
2025-08-26 14:52:44.263 [DEBUG] internal/ui/base.go:34 	| 选择文件
2025-08-26 14:52:44.614 [DEBUG] internal/ui/base.go:34 	| 选择文件
2025-08-26 14:52:44.781 [DEBUG] internal/ui/base.go:34 	| 选择文件
2025-08-26 14:52:44.948 [DEBUG] internal/ui/base.go:34 	| 选择文件
2025-08-26 14:52:45.113 [DEBUG] internal/ui/base.go:34 	| 选择文件
2025-08-26 14:52:46.146 [DEBUG] internal/ui/base.go:40 	| 选择文件目录
2025-08-26 14:52:46.314 [DEBUG] internal/ui/base.go:40 	| 选择文件目录
2025-08-26 14:52:46.497 [DEBUG] internal/ui/base.go:40 	| 选择文件目录
2025-08-26 14:52:46.663 [DEBUG] internal/ui/base.go:40 	| 选择文件目录
2025-08-26 14:52:46.830 [DEBUG] internal/ui/base.go:40 	| 选择文件目录
2025-08-26 14:52:46.996 [DEBUG] internal/ui/base.go:40 	| 选择文件目录
2025-08-26 14:52:47.181 [DEBUG] internal/ui/base.go:40 	| 选择文件目录
2025-08-26 14:52:47.346 [DEBUG] internal/ui/base.go:40 	| 选择文件目录
2025-08-26 14:52:48.097 [DEBUG] internal/ui/base.go:34 	| 选择文件
2025-08-26 14:52:48.264 [DEBUG] internal/ui/base.go:34 	| 选择文件
2025-08-26 14:54:47.113 [DEBUG] internal/ui/base.go:19 	| 初始化UI
2025-08-26 15:00:28.388 [DEBUG] internal/ui/base.go:20 	| 初始化UI
2025-08-26 15:01:24.213 [DEBUG] internal/ui/base.go:20 	| 初始化UI
2025-08-26 15:01:52.656 [DEBUG] internal/ui/base.go:20 	| 初始化UI
2025-08-26 15:01:59.879 [DEBUG] internal/ui/base.go:41 	| 选择文件
2025-08-26 15:02:00.579 [DEBUG] internal/ui/base.go:41 	| 选择文件
2025-08-26 15:02:00.779 [DEBUG] internal/ui/base.go:41 	| 选择文件
2025-08-26 15:02:00.962 [DEBUG] internal/ui/base.go:41 	| 选择文件
2025-08-26 15:02:21.662 [DEBUG] internal/ui/base.go:41 	| 选择文件
2025-08-26 15:02:23.212 [DEBUG] internal/ui/base.go:47 	| 选择文件目录
2025-08-26 15:09:17.958 [DEBUG] internal/ui/base.go:22 	| 初始化UI
2025-08-26 15:10:59.757 [DEBUG] internal/ui/base.go:22 	| 初始化UI
2025-08-26 15:15:02.776 [DEBUG] internal/ui/base.go:22 	| 初始化UI
2025-08-26 15:15:36.536 [DEBUG] internal/ui/base.go:22 	| 初始化UI
2025-08-26 15:16:56.105 [DEBUG] internal/ui/base.go:22 	| 初始化UI
2025-08-26 15:21:41.453 [DEBUG] internal/ui/base.go:22 	| 初始化UI
2025-08-26 15:23:00.217 [DEBUG] internal/ui/base.go:22 	| 初始化UI
2025-08-26 15:25:22.275 [DEBUG] internal/ui/base.go:22 	| 初始化UI
2025-08-26 15:29:12.133 [DEBUG] internal/ui/base.go:23 	| 初始化UI
2025-08-26 15:31:01.653 [DEBUG] internal/ui/base.go:23 	| 初始化UI
2025-08-26 15:31:18.781 [DEBUG] internal/ui/base.go:23 	| 初始化UI
2025-08-26 15:31:49.807 [DEBUG] internal/ui/base.go:23 	| 初始化UI
2025-08-26 15:33:33.349 [DEBUG] internal/ui/base.go:23 	| 初始化UI
2025-08-26 15:34:31.092 [DEBUG] internal/ui/base.go:23 	| 初始化UI
2025-08-26 15:36:34.856 [DEBUG] internal/ui/base.go:23 	| 初始化UI
2025-08-26 15:38:16.918 [DEBUG] internal/ui/base.go:23 	| 初始化UI
2025-08-26 15:40:27.345 [DEBUG] internal/ui/base.go:23 	| 初始化UI
2025-08-26 15:41:07.092 [DEBUG] internal/ui/base.go:23 	| 初始化UI
2025-08-26 15:43:57.614 [DEBUG] internal/ui/base.go:23 	| 初始化UI
2025-08-26 15:44:53.240 [DEBUG] internal/ui/base.go:23 	| 初始化UI
2025-08-26 15:46:24.044 [DEBUG] internal/ui/base.go:23 	| 初始化UI
2025-08-26 15:51:30.328 [DEBUG] internal/ui/base.go:23 	| 初始化UI
2025-08-26 15:52:11.657 [DEBUG] internal/ui/base.go:23 	| 初始化UI
2025-08-26 15:53:50.769 [DEBUG] internal/ui/base.go:23 	| 初始化UI
2025-08-26 15:55:12.799 [DEBUG] internal/ui/base.go:23 	| 初始化UI
2025-08-26 15:55:57.570 [DEBUG] internal/ui/base.go:23 	| 初始化UI
2025-08-26 15:57:41.507 [DEBUG] internal/ui/base.go:23 	| 初始化UI
2025-08-26 15:59:00.857 [DEBUG] internal/ui/base.go:23 	| 初始化UI
2025-08-26 16:01:44.250 [DEBUG] internal/ui/base.go:23 	| 初始化UI
2025-08-26 16:02:50.887 [DEBUG] internal/ui/base.go:23 	| 初始化UI
2025-08-26 16:02:54.744 [DEBUG] internal/ui/base.go:229 	| 搜索 s
2025-08-26 16:02:54.745 [DEBUG] internal/ui/base.go:229 	| 搜索 s
2025-08-26 16:02:54.745 [DEBUG] internal/ui/base.go:229 	| 搜索 s
2025-08-26 16:02:54.746 [DEBUG] internal/ui/base.go:229 	| 搜索 s
2025-08-26 16:02:55.305 [DEBUG] internal/ui/base.go:229 	| 搜索 s
2025-08-26 16:02:56.274 [DEBUG] internal/ui/base.go:229 	| 搜索 s
2025-08-26 16:02:56.275 [DEBUG] internal/ui/base.go:229 	| 搜索 s
2025-08-26 16:02:56.276 [DEBUG] internal/ui/base.go:229 	| 搜索 s
2025-08-26 16:02:56.872 [DEBUG] internal/ui/base.go:229 	| 搜索 s
2025-08-26 16:02:56.971 [DEBUG] internal/ui/base.go:229 	| 搜索 s
2025-08-26 16:02:57.021 [DEBUG] internal/ui/base.go:229 	| 搜索 s
2025-08-26 16:02:57.205 [DEBUG] internal/ui/base.go:229 	| 搜索 s
2025-08-26 16:02:57.205 [DEBUG] internal/ui/base.go:229 	| 搜索 s
2025-08-26 16:02:57.321 [DEBUG] internal/ui/base.go:229 	| 搜索 s
2025-08-26 16:02:57.454 [DEBUG] internal/ui/base.go:229 	| 搜索 s
2025-08-26 16:02:57.455 [DEBUG] internal/ui/base.go:229 	| 搜索 s
2025-08-26 16:02:57.539 [DEBUG] internal/ui/base.go:229 	| 搜索 s
2025-08-26 16:03:20.211 [DEBUG] internal/ui/base.go:23 	| 初始化UI
2025-08-26 16:03:43.122 [DEBUG] internal/ui/base.go:23 	| 初始化UI
2025-08-26 16:03:46.365 [DEBUG] internal/ui/base.go:229 	| 搜索 a
2025-08-26 16:03:46.366 [DEBUG] internal/ui/base.go:229 	| 搜索 aa
2025-08-26 16:03:46.366 [DEBUG] internal/ui/base.go:229 	| 搜索 aaa
2025-08-26 16:03:47.079 [DEBUG] internal/ui/base.go:229 	| 搜索 aaaa
2025-08-26 16:03:47.416 [DEBUG] internal/ui/base.go:229 	| 搜索 aaaaa
2025-08-26 16:03:47.595 [DEBUG] internal/ui/base.go:229 	| 搜索 aaaaaa
2025-08-26 16:03:48.596 [DEBUG] internal/ui/base.go:229 	| 搜索 aaaaa
2025-08-26 16:03:48.796 [DEBUG] internal/ui/base.go:229 	| 搜索 aaaa
2025-08-26 16:03:48.963 [DEBUG] internal/ui/base.go:229 	| 搜索 aaa
2025-08-26 16:03:49.097 [DEBUG] internal/ui/base.go:229 	| 搜索 aa
2025-08-26 16:03:49.279 [DEBUG] internal/ui/base.go:229 	| 搜索 a
2025-08-26 16:03:49.413 [DEBUG] internal/ui/base.go:229 	| 搜索 
2025-08-26 16:03:50.346 [DEBUG] internal/ui/base.go:229 	| 搜索 a
2025-08-26 16:03:50.380 [DEBUG] internal/ui/base.go:229 	| 搜索 as
2025-08-26 16:03:50.413 [DEBUG] internal/ui/base.go:229 	| 搜索 asd
2025-08-26 16:03:50.580 [DEBUG] internal/ui/base.go:229 	| 搜索 asds
2025-08-26 16:03:50.581 [DEBUG] internal/ui/base.go:229 	| 搜索 asdsa
2025-08-26 16:03:50.613 [DEBUG] internal/ui/base.go:229 	| 搜索 asdsad
2025-08-26 16:03:50.763 [DEBUG] internal/ui/base.go:229 	| 搜索 asdsads
2025-08-26 16:03:50.764 [DEBUG] internal/ui/base.go:229 	| 搜索 asdsadsa
2025-08-26 16:03:50.896 [DEBUG] internal/ui/base.go:229 	| 搜索 asdsadsa 
2025-08-26 16:03:51.429 [DEBUG] internal/ui/base.go:229 	| 搜索 asdsadsa
2025-08-26 16:03:51.613 [DEBUG] internal/ui/base.go:229 	| 搜索 asdsads
2025-08-26 16:03:51.780 [DEBUG] internal/ui/base.go:229 	| 搜索 asdsad
2025-08-26 16:03:51.946 [DEBUG] internal/ui/base.go:229 	| 搜索 asdsa
2025-08-26 16:03:52.096 [DEBUG] internal/ui/base.go:229 	| 搜索 asds
2025-08-26 16:03:52.229 [DEBUG] internal/ui/base.go:229 	| 搜索 asd
2025-08-26 16:03:52.397 [DEBUG] internal/ui/base.go:229 	| 搜索 as
2025-08-26 16:03:52.562 [DEBUG] internal/ui/base.go:229 	| 搜索 a
2025-08-26 16:03:52.713 [DEBUG] internal/ui/base.go:229 	| 搜索 
2025-08-26 16:05:01.943 [DEBUG] internal/ui/base.go:23 	| 初始化UI
2025-08-26 16:05:07.268 [DEBUG] internal/ui/base.go:222 	| 搜索 a
2025-08-26 16:05:07.269 [DEBUG] internal/ui/base.go:222 	| 搜索 aa
2025-08-26 16:05:08.083 [DEBUG] internal/ui/base.go:222 	| 搜索 aaa
2025-08-26 16:05:08.367 [DEBUG] internal/ui/base.go:222 	| 搜索 aaas
2025-08-26 16:05:08.368 [DEBUG] internal/ui/base.go:222 	| 搜索 aaasa
2025-08-26 16:05:08.448 [DEBUG] internal/ui/base.go:222 	| 搜索 aaasad
2025-08-26 16:05:08.632 [DEBUG] internal/ui/base.go:222 	| 搜索 aaasada
2025-08-26 16:05:08.649 [DEBUG] internal/ui/base.go:222 	| 搜索 aaasadas
2025-08-26 16:05:08.750 [DEBUG] internal/ui/base.go:222 	| 搜索 aaasadasd
2025-08-26 16:05:09.166 [DEBUG] internal/ui/base.go:222 	| 搜索 aaasadasdf
2025-08-26 16:05:09.450 [DEBUG] internal/ui/base.go:222 	| 搜索 aaasadasdff
2025-08-26 16:05:09.600 [DEBUG] internal/ui/base.go:222 	| 搜索 aaasadasdffa
2025-08-26 16:05:09.616 [DEBUG] internal/ui/base.go:222 	| 搜索 aaasadasdffas
2025-08-26 16:05:09.732 [DEBUG] internal/ui/base.go:222 	| 搜索 aaasadasdffasf
2025-08-26 16:05:09.852 [DEBUG] internal/ui/base.go:222 	| 搜索 aaasadasdffasfs
2025-08-26 16:05:09.853 [DEBUG] internal/ui/base.go:222 	| 搜索 aaasadasdffasfsa
2025-08-26 16:05:09.949 [DEBUG] internal/ui/base.go:222 	| 搜索 aaasadasdffasfsaf
2025-08-26 16:05:10.850 [DEBUG] internal/ui/base.go:222 	| 搜索 aaasadasdffasfsa
2025-08-26 16:05:11.350 [DEBUG] internal/ui/base.go:222 	| 搜索 aaasadasdffasfs
2025-08-26 16:05:11.382 [DEBUG] internal/ui/base.go:222 	| 搜索 aaasadasdffasf
2025-08-26 16:05:11.415 [DEBUG] internal/ui/base.go:222 	| 搜索 aaasadasdffas
2025-08-26 16:05:11.448 [DEBUG] internal/ui/base.go:222 	| 搜索 aaasadasdffa
2025-08-26 16:05:11.482 [DEBUG] internal/ui/base.go:222 	| 搜索 aaasadasdff
2025-08-26 16:05:11.515 [DEBUG] internal/ui/base.go:222 	| 搜索 aaasadasdf
2025-08-26 16:05:11.548 [DEBUG] internal/ui/base.go:222 	| 搜索 aaasadasd
2025-08-26 16:05:11.583 [DEBUG] internal/ui/base.go:222 	| 搜索 aaasadas
2025-08-26 16:05:11.616 [DEBUG] internal/ui/base.go:222 	| 搜索 aaasada
2025-08-26 16:05:11.650 [DEBUG] internal/ui/base.go:222 	| 搜索 aaasad
2025-08-26 16:05:11.668 [DEBUG] internal/ui/base.go:222 	| 搜索 aaasa
2025-08-26 16:05:11.700 [DEBUG] internal/ui/base.go:222 	| 搜索 aaas
2025-08-26 16:05:11.734 [DEBUG] internal/ui/base.go:222 	| 搜索 aaa
2025-08-26 16:05:11.767 [DEBUG] internal/ui/base.go:222 	| 搜索 aa
2025-08-26 16:05:11.799 [DEBUG] internal/ui/base.go:222 	| 搜索 a
2025-08-26 16:05:11.848 [DEBUG] internal/ui/base.go:222 	| 搜索 
2025-08-26 16:05:15.381 [DEBUG] internal/ui/base.go:199 	| 新建备忘录
2025-08-26 16:05:15.714 [DEBUG] internal/ui/base.go:207 	| 复制备忘录链接
2025-08-26 16:05:16.115 [DEBUG] internal/ui/base.go:215 	| 打开二维码
2025-08-26 16:05:17.249 [DEBUG] internal/ui/base.go:199 	| 新建备忘录
2025-08-26 16:05:17.531 [DEBUG] internal/ui/base.go:207 	| 复制备忘录链接
2025-08-26 16:05:17.866 [DEBUG] internal/ui/base.go:215 	| 打开二维码
2025-08-26 16:11:50.445 [DEBUG] internal/ui/base.go:23 	| 初始化UI
2025-08-26 16:13:11.861 [DEBUG] internal/ui/base.go:23 	| 初始化UI
2025-08-26 16:14:30.005 [DEBUG] internal/ui/base.go:23 	| 初始化UI
2025-08-26 16:15:16.041 [DEBUG] internal/ui/base.go:23 	| 初始化UI
2025-08-26 16:16:09.283 [DEBUG] internal/ui/base.go:23 	| 初始化UI
2025-08-26 16:17:36.177 [DEBUG] internal/ui/base.go:23 	| 初始化UI
2025-08-26 16:19:12.347 [DEBUG] internal/ui/base.go:23 	| 初始化UI
2025-08-26 16:22:51.613 [DEBUG] internal/ui/base.go:23 	| 初始化UI
2025-08-26 16:24:40.221 [DEBUG] internal/ui/base.go:23 	| 初始化UI
2025-08-26 16:28:35.256 [DEBUG] internal/ui/base.go:24 	| 初始化UI
2025-08-26 16:30:14.596 [DEBUG] internal/ui/base.go:24 	| 初始化UI
2025-08-26 16:31:16.073 [DEBUG] internal/ui/base.go:23 	| 初始化UI
2025-08-26 16:32:37.805 [DEBUG] internal/ui/base.go:23 	| 初始化UI
2025-08-26 16:33:33.627 [DEBUG] internal/ui/base.go:23 	| 初始化UI
2025-08-26 16:34:30.121 [DEBUG] internal/ui/base.go:23 	| 初始化UI
2025-08-26 16:35:33.718 [DEBUG] internal/ui/base.go:23 	| 初始化UI
2025-08-26 16:36:17.752 [DEBUG] internal/ui/base.go:23 	| 初始化UI
2025-08-26 16:36:42.621 [DEBUG] internal/ui/base.go:23 	| 初始化UI
2025-08-26 16:39:10.047 [DEBUG] internal/ui/base.go:23 	| 初始化UI
2025-08-26 16:39:33.996 [DEBUG] internal/ui/base.go:253 	| 复制备忘录链接
2025-08-26 16:39:35.195 [DEBUG] internal/ui/base.go:245 	| 新建备忘录
2025-08-26 16:39:36.229 [DEBUG] internal/ui/base.go:261 	| 打开二维码
2025-08-26 16:39:37.262 [DEBUG] internal/ui/base.go:177 	| 刷新
2025-08-26 16:39:37.647 [DEBUG] internal/ui/base.go:185 	| 复制链接
2025-08-26 16:39:38.046 [DEBUG] internal/ui/base.go:193 	| 打开二维码
2025-08-26 16:39:38.445 [DEBUG] internal/ui/base.go:201 	| 删除
2025-08-26 16:39:38.828 [DEBUG] internal/ui/base.go:209 	| 另存为txt
2025-08-26 16:39:42.512 [DEBUG] internal/ui/base.go:46 	| 选择文件
2025-08-26 16:39:43.528 [DEBUG] internal/ui/base.go:108 	| 选择文件目录
2025-08-26 16:41:21.979 [DEBUG] internal/ui/base.go:23 	| 初始化UI
2025-08-26 16:41:27.681 [DEBUG] internal/ui/base.go:245 	| 新建备忘录
2025-08-26 16:42:25.758 [DEBUG] internal/ui/base.go:23 	| 初始化UI
2025-08-26 16:42:28.619 [DEBUG] internal/ui/base.go:247 	| 新建备忘录
2025-08-26 16:42:29.538 [DEBUG] internal/ui/base.go:247 	| 新建备忘录
2025-08-26 16:42:29.704 [DEBUG] internal/ui/base.go:247 	| 新建备忘录
2025-08-26 16:42:52.645 [DEBUG] internal/ui/base.go:23 	| 初始化UI
2025-08-26 16:42:57.455 [DEBUG] internal/ui/base.go:248 	| 新建备忘录
2025-08-26 16:44:15.584 [DEBUG] internal/ui/base.go:23 	| 初始化UI
2025-08-26 16:44:23.006 [DEBUG] internal/ui/base.go:248 	| 新建备忘录
2025-08-26 16:44:23.888 [DEBUG] internal/ui/base.go:248 	| 新建备忘录
2025-08-26 16:44:24.073 [DEBUG] internal/ui/base.go:248 	| 新建备忘录
2025-08-26 16:44:25.355 [DEBUG] internal/ui/base.go:248 	| 新建备忘录
2025-08-26 16:44:25.522 [DEBUG] internal/ui/base.go:248 	| 新建备忘录
2025-08-26 16:47:21.511 [DEBUG] internal/ui/base.go:23 	| 初始化UI
2025-08-26 16:47:23.498 [DEBUG] internal/ui/base.go:264 	| 刷新
2025-08-26 16:47:23.873 [DEBUG] internal/ui/base.go:256 	| 导入本地txt
2025-08-26 16:47:24.323 [DEBUG] internal/ui/base.go:248 	| 新建备忘录
2025-08-26 16:47:24.790 [DEBUG] internal/ui/base.go:256 	| 导入本地txt
2025-08-26 16:47:25.056 [DEBUG] internal/ui/base.go:256 	| 导入本地txt
2025-08-26 16:48:46.744 [DEBUG] internal/ui/base.go:23 	| 初始化UI
2025-08-26 16:49:56.590 [DEBUG] internal/ui/base.go:23 	| 初始化UI
2025-08-26 16:50:10.487 [DEBUG] internal/ui/base.go:46 	| 选择文件
2025-08-26 16:50:11.470 [DEBUG] internal/ui/base.go:46 	| 选择文件
2025-08-26 16:50:11.821 [DEBUG] internal/ui/base.go:46 	| 选择文件
2025-08-26 16:50:11.987 [DEBUG] internal/ui/base.go:46 	| 选择文件
2025-08-26 16:50:12.153 [DEBUG] internal/ui/base.go:46 	| 选择文件
2025-08-26 16:50:12.320 [DEBUG] internal/ui/base.go:46 	| 选择文件
2025-08-26 16:50:13.420 [DEBUG] internal/ui/base.go:108 	| 选择文件目录
2025-08-26 16:50:13.603 [DEBUG] internal/ui/base.go:108 	| 选择文件目录
2025-08-26 16:50:13.854 [DEBUG] internal/ui/base.go:108 	| 选择文件目录
2025-08-26 16:50:14.020 [DEBUG] internal/ui/base.go:108 	| 选择文件目录
2025-08-26 16:50:14.170 [DEBUG] internal/ui/base.go:108 	| 选择文件目录
2025-08-26 16:50:14.320 [DEBUG] internal/ui/base.go:108 	| 选择文件目录
2025-08-26 16:50:16.303 [DEBUG] internal/ui/base.go:46 	| 选择文件
2025-08-26 16:50:16.471 [DEBUG] internal/ui/base.go:46 	| 选择文件
2025-08-26 16:50:16.636 [DEBUG] internal/ui/base.go:46 	| 选择文件
2025-08-26 16:50:16.787 [DEBUG] internal/ui/base.go:46 	| 选择文件
2025-08-26 16:50:17.536 [DEBUG] internal/ui/base.go:108 	| 选择文件目录
2025-08-26 16:50:17.704 [DEBUG] internal/ui/base.go:108 	| 选择文件目录
2025-08-26 16:50:17.854 [DEBUG] internal/ui/base.go:108 	| 选择文件目录
2025-08-26 16:50:18.020 [DEBUG] internal/ui/base.go:108 	| 选择文件目录
2025-08-26 16:53:56.360 [DEBUG] internal/ui/base.go:23 	| 初始化UI
2025-08-26 16:54:03.119 [DEBUG] internal/ui/base.go:289 	| 搜索 1
2025-08-26 16:54:03.269 [DEBUG] internal/ui/base.go:289 	| 搜索 12
2025-08-26 16:54:03.385 [DEBUG] internal/ui/base.go:289 	| 搜索 123
2025-08-26 16:54:03.553 [DEBUG] internal/ui/base.go:289 	| 搜索 1231
2025-08-26 16:54:03.554 [DEBUG] internal/ui/base.go:289 	| 搜索 12312
2025-08-26 16:54:03.652 [DEBUG] internal/ui/base.go:289 	| 搜索 123123
2025-08-26 16:54:03.819 [DEBUG] internal/ui/base.go:289 	| 搜索 1231231
2025-08-26 16:54:03.903 [DEBUG] internal/ui/base.go:289 	| 搜索 12312312
2025-08-26 16:54:03.969 [DEBUG] internal/ui/base.go:289 	| 搜索 123123124
2025-08-26 16:54:04.419 [DEBUG] internal/ui/base.go:289 	| 搜索 1231231241
2025-08-26 16:54:04.585 [DEBUG] internal/ui/base.go:289 	| 搜索 12312312411
2025-08-26 16:54:04.585 [DEBUG] internal/ui/base.go:289 	| 搜索 123123124112
2025-08-26 16:54:04.769 [DEBUG] internal/ui/base.go:289 	| 搜索 1231231241122
2025-08-26 16:54:04.770 [DEBUG] internal/ui/base.go:289 	| 搜索 12312312411223
2025-08-26 16:54:04.952 [DEBUG] internal/ui/base.go:289 	| 搜索 123123124112231
2025-08-26 16:54:04.952 [DEBUG] internal/ui/base.go:289 	| 搜索 1231231241122312
2025-08-26 16:54:05.053 [DEBUG] internal/ui/base.go:289 	| 搜索 12312312411223123
2025-08-26 16:54:05.186 [DEBUG] internal/ui/base.go:289 	| 搜索 123123124112231231
2025-08-26 16:54:05.419 [DEBUG] internal/ui/base.go:289 	| 搜索 12312312411223123
2025-08-26 16:54:05.919 [DEBUG] internal/ui/base.go:289 	| 搜索 1231231241122312
2025-08-26 16:54:05.951 [DEBUG] internal/ui/base.go:289 	| 搜索 123123124112231
2025-08-26 16:54:05.986 [DEBUG] internal/ui/base.go:289 	| 搜索 12312312411223
2025-08-26 16:54:06.019 [DEBUG] internal/ui/base.go:289 	| 搜索 1231231241122
2025-08-26 16:54:06.053 [DEBUG] internal/ui/base.go:289 	| 搜索 123123124112
2025-08-26 16:54:06.086 [DEBUG] internal/ui/base.go:289 	| 搜索 12312312411
2025-08-26 16:54:06.119 [DEBUG] internal/ui/base.go:289 	| 搜索 1231231241
2025-08-26 16:54:06.152 [DEBUG] internal/ui/base.go:289 	| 搜索 123123124
2025-08-26 16:54:06.184 [DEBUG] internal/ui/base.go:289 	| 搜索 12312312
2025-08-26 16:54:06.219 [DEBUG] internal/ui/base.go:289 	| 搜索 1231231
2025-08-26 16:54:06.251 [DEBUG] internal/ui/base.go:289 	| 搜索 123123
2025-08-26 16:54:06.286 [DEBUG] internal/ui/base.go:289 	| 搜索 12312
2025-08-26 16:54:06.319 [DEBUG] internal/ui/base.go:289 	| 搜索 1231
2025-08-26 16:54:06.352 [DEBUG] internal/ui/base.go:289 	| 搜索 123
2025-08-26 16:54:06.387 [DEBUG] internal/ui/base.go:289 	| 搜索 12
2025-08-26 16:54:06.419 [DEBUG] internal/ui/base.go:289 	| 搜索 1
2025-08-26 16:54:06.452 [DEBUG] internal/ui/base.go:289 	| 搜索 
2025-08-26 16:54:10.284 [DEBUG] internal/ui/base.go:264 	| 刷新
2025-08-26 16:54:11.518 [DEBUG] internal/ui/base.go:256 	| 导入本地txt
2025-08-26 16:54:12.035 [DEBUG] internal/ui/base.go:248 	| 新建备忘录
2025-08-26 16:54:12.751 [DEBUG] internal/ui/base.go:256 	| 导入本地txt
2025-08-26 16:54:13.185 [DEBUG] internal/ui/base.go:248 	| 新建备忘录
2025-08-26 16:54:13.484 [DEBUG] internal/ui/base.go:256 	| 导入本地txt
2025-08-26 16:54:18.734 [DEBUG] internal/ui/base.go:248 	| 新建备忘录
2025-08-26 16:54:19.118 [DEBUG] internal/ui/base.go:256 	| 导入本地txt
2025-08-26 16:54:19.519 [DEBUG] internal/ui/base.go:248 	| 新建备忘录
2025-08-26 16:54:19.818 [DEBUG] internal/ui/base.go:256 	| 导入本地txt
2025-08-26 16:54:20.135 [DEBUG] internal/ui/base.go:248 	| 新建备忘录
2025-08-26 16:54:20.384 [DEBUG] internal/ui/base.go:256 	| 导入本地txt
2025-08-26 16:57:06.013 [DEBUG] internal/ui/base.go:23 	| 初始化UI
2025-08-26 16:59:00.943 [DEBUG] internal/ui/base.go:23 	| 初始化UI
